\BOOKMARK [1][-]{section.1}{\376\377\000E\000i\000n\000f\000\374\000h\000r\000u\000n\000g\000\040\000\050\000P\000\366\000t\000z\000s\000c\000h\000\040\000F\000e\000l\000i\000x\000\051}{}% 1
\BOOKMARK [2][-]{subsection.1.1}{\376\377\000S\000p\000r\000a\000c\000h\000m\000o\000d\000e\000l\000l\000e}{section.1}% 2
\BOOKMARK [2][-]{subsection.1.2}{\376\377\000N\000-\000G\000r\000a\000m\000m\000e}{section.1}% 3
\BOOKMARK [1][-]{section.2}{\376\377\000F\000o\000r\000t\000g\000e\000s\000c\000h\000r\000i\000t\000t\000e\000n\000e\000\040\000K\000o\000n\000z\000e\000p\000t\000e\000\040\000u\000n\000d\000\040\000T\000e\000c\000h\000n\000i\000k\000e\000n\000\040\000i\000n\000\040\000N\000-\000G\000r\000a\000m\000m\000-\000M\000o\000d\000e\000l\000l\000e\000n\000\040\000\050\000B\000o\000r\000i\000s\000o\000v\000\040\000T\000i\000m\000o\000f\000e\000i\000\051}{}% 4
\BOOKMARK [2][-]{subsection.2.1}{\376\377\000W\000a\000s\000\040\000i\000s\000t\000\040\000u\000n\000-\000s\000e\000e\000n\000\040\000N\000-\000G\000r\000a\000m\000s\000?}{section.2}% 5
\BOOKMARK [2][-]{subsection.2.2}{\376\377\000S\000m\000o\000o\000t\000h\000i\000n\000g\000\040\000T\000e\000c\000h\000n\000i\000q\000u\000e\000s}{section.2}% 6
\BOOKMARK [3][-]{subsubsection.2.2.1}{\376\377\000L\000a\000p\000l\000a\000c\000e\000-\000G\000l\000\344\000t\000t\000u\000n\000g\000.\000\040\000A\000d\000d\000\040\000O\000n\000e\000\040\000\050\000A\000d\000d\000\040\000X\000\051\000.}{subsection.2.2}% 7
\BOOKMARK [3][-]{subsubsection.2.2.2}{\376\377\000G\000o\000o\000d\000-\000T\000u\000r\000i\000n\000g\000\040\000G\000l\000\344\000t\000t\000u\000n\000g}{subsection.2.2}% 8
\BOOKMARK [3][-]{subsubsection.2.2.3}{\376\377\000K\000a\000t\000z\000\040\000B\000a\000c\000k\000o\000f\000f\000\040\000G\000l\000\344\000t\000t\000u\000n\000g}{subsection.2.2}% 9
\BOOKMARK [2][-]{subsection.2.3}{\376\377\000V\000e\000r\000g\000l\000e\000i\000c\000h\000\040\000v\000o\000n\000\040\000N\000-\000G\000r\000a\000m\000m\000e\000n\000\040\000u\000n\000d\000\040\000n\000e\000u\000r\000o\000n\000a\000l\000e\000n\000\040\000N\000e\000t\000z\000e\000n\000.}{section.2}% 10
\BOOKMARK [1][-]{section.3}{\376\377\000K\000o\000n\000k\000r\000e\000t\000e\000\040\000S\000c\000h\000r\000i\000t\000t\000e\000\040\000z\000u\000r\000\040\000I\000m\000p\000l\000e\000m\000e\000n\000t\000i\000e\000r\000u\000n\000g\000\040\000e\000i\000n\000e\000s\000\040\000N\000-\000G\000r\000a\000m\000m\000\040\000M\000o\000d\000e\000l\000l\000s\000\040\000i\000n\000\040\000P\000y\000h\000t\000o\000n\000\040\000\050\000F\000u\000r\000i\000t\000s\000c\000h\000,\000\040\000S\000i\000m\000o\000n\000\051}{}% 11
\BOOKMARK [2][-]{subsection.3.1}{\376\377\000D\000a\000t\000e\000n\000v\000o\000r\000b\000e\000r\000e\000i\000t\000u\000n\000g}{section.3}% 12
\BOOKMARK [3][-]{subsubsection.3.1.1}{\376\377\000S\000t\000o\000p\000p\000w\000\366\000r\000t\000e\000r}{subsection.3.1}% 13
\BOOKMARK [3][-]{subsubsection.3.1.2}{\376\377\000S\000t\000e\000m\000m\000i\000n\000g\000\040\000u\000n\000d\000\040\000L\000e\000m\000m\000i\000n\000g}{subsection.3.1}% 14
\BOOKMARK [2][-]{subsection.3.2}{\376\377\000G\000r\000u\000n\000d\000l\000a\000g\000e\000n}{section.3}% 15
\BOOKMARK [3][-]{subsubsection.3.2.1}{\376\377\000B\000i\000b\000l\000i\000o\000t\000h\000e\000k\000:\000\040\000N\000L\000T\000K}{subsection.3.2}% 16
\BOOKMARK [3][-]{subsubsection.3.2.2}{\376\377\000T\000o\000k\000e\000n\000i\000s\000i\000e\000r\000u\000n\000g}{subsection.3.2}% 17
\BOOKMARK [3][-]{subsubsection.3.2.3}{\376\377\000G\000r\000a\000m\000s\000\040\000e\000r\000z\000e\000u\000g\000e\000n}{subsection.3.2}% 18
\BOOKMARK [3][-]{subsubsection.3.2.4}{\376\377\000B\000e\000d\000i\000n\000g\000t\000e\000\040\000W\000a\000h\000r\000s\000c\000h\000e\000i\000n\000l\000i\000c\000h\000k\000e\000i\000t\000e\000n\000\040\000e\000r\000m\000i\000t\000t\000e\000l\000n}{subsection.3.2}% 19
\BOOKMARK [3][-]{subsubsection.3.2.5}{\376\377\000V\000o\000r\000h\000e\000r\000s\000a\000g\000e}{subsection.3.2}% 20
\BOOKMARK [2][-]{subsection.3.3}{\376\377\000C\000o\000d\000e}{section.3}% 21
\BOOKMARK [2][-]{subsection.3.4}{\376\377\000E\000v\000a\000l\000u\000i\000e\000r\000u\000n\000g\000\040\000e\000i\000n\000e\000s\000\040\000N\000-\000G\000r\000a\000m\000m\000\040\000M\000o\000d\000e\000l\000l\000s}{section.3}% 22
\BOOKMARK [3][-]{subsubsection.3.4.1}{\376\377\000P\000e\000r\000p\000l\000e\000x\000i\000t\000\344\000t}{subsection.3.4}% 23
\BOOKMARK [2][-]{subsection.3.5}{\376\377\000Z\000u\000k\000u\000n\000f\000t\000\040\000v\000o\000n\000\040\000N\000-\000G\000r\000a\000m\000m\000\040\000M\000o\000d\000e\000l\000l\000e\000n}{section.3}% 24
\BOOKMARK [3][-]{subsubsection.3.5.1}{\376\377\000V\000e\000r\000g\000l\000e\000i\000c\000h\000\040\000z\000u\000\040\000T\000r\000a\000n\000s\000f\000o\000r\000m\000e\000r\000m\000o\000d\000e\000l\000l\000e\000n}{subsection.3.5}% 25
\BOOKMARK [2][-]{subsection.3.6}{\376\377\000A\000u\000s\000b\000l\000i\000c\000k}{section.3}% 26
